[03:13:33.414] Global cache location '/home/master/.cache/typescript/4.5', safe file path '/usr/lib/node_modules/typescript/lib/typingSafeList.json', types map path /usr/lib/node_modules/typescript/lib/typesMap.json
[03:13:33.416] Processing cache location '/home/master/.cache/typescript/4.5'
[03:13:33.416] Trying to find '/home/master/.cache/typescript/4.5/package.json'...
[03:13:33.417] Loaded content of '/home/master/.cache/typescript/4.5/package.json': {"private":true,"dependencies":{"types-registry":"^0.1.592"},"devDependencies":{"@types/color-convert":"^2.0.0","@types/color-name":"^1.1.1","@types/object-assign":"^4.0.30","@types/prompts":"^2.0.14","@types/react":"^18.0.5","@types/require-directory":"^2.1.2","@types/wrap-ansi":"^8.0.1","@types/yar":"^9.1.1","@types/yargs":"^17.0.10","@types/yargs-parser":"^21.0.0"}}
[03:13:33.417] Loaded content of '/home/master/.cache/typescript/4.5/package-lock.json'
[03:13:33.431] Adding entry into typings cache: 'color-convert' => '/home/master/.cache/typescript/4.5/node_modules/@types/color-convert/index.d.ts'
[03:13:33.433] Adding entry into typings cache: 'color-name' => '/home/master/.cache/typescript/4.5/node_modules/@types/color-name/index.d.ts'
[03:13:33.435] Adding entry into typings cache: 'object-assign' => '/home/master/.cache/typescript/4.5/node_modules/@types/object-assign/index.d.ts'
[03:13:33.438] Adding entry into typings cache: 'prompts' => '/home/master/.cache/typescript/4.5/node_modules/@types/prompts/index.d.ts'
[03:13:33.441] Adding entry into typings cache: 'react' => '/home/master/.cache/typescript/4.5/node_modules/@types/react/index.d.ts'
[03:13:33.442] Adding entry into typings cache: 'require-directory' => '/home/master/.cache/typescript/4.5/node_modules/@types/require-directory/index.d.ts'
[03:13:33.444] Adding entry into typings cache: 'wrap-ansi' => '/home/master/.cache/typescript/4.5/node_modules/@types/wrap-ansi/index.d.ts'
[03:13:33.445] Adding entry into typings cache: 'yar' => '/home/master/.cache/typescript/4.5/node_modules/@types/yar/index.d.ts'
[03:13:33.448] Adding entry into typings cache: 'yargs' => '/home/master/.cache/typescript/4.5/node_modules/@types/yargs/index.d.ts'
[03:13:33.454] Adding entry into typings cache: 'yargs-parser' => '/home/master/.cache/typescript/4.5/node_modules/@types/yargs-parser/index.d.ts'
[03:13:33.454] Finished processing cache location '/home/master/.cache/typescript/4.5'
[03:13:33.454] Process id: 118110
[03:13:33.454] NPM location: /usr/bin/npm (explicit '--npmLocation' not  provided)
[03:13:33.455] validateDefaultNpmLocation: false
[03:13:33.455] Npm config file: /home/master/.cache/typescript/4.5/package.json
[03:13:33.455] Updating types-registry npm package...
[03:13:33.455] Exec: /usr/bin/npm install --ignore-scripts types-registry@latest
[03:13:34.418]     Succeeded. stdout:
    
    up to date, audited 30 packages in 658ms

found 0 vulnerabilities

[03:13:34.418] Updated types-registry npm package
[03:13:34.807] Got install request {"projectName":"/dev/null/inferredProject1*","fileNames":["/usr/lib/node_modules/typescript/lib/lib.es5.d.ts","/usr/lib/node_modules/typescript/lib/lib.es2015.d.ts","/usr/lib/node_modules/typescript/lib/lib.es2016.d.ts","/usr/lib/node_modules/typescript/lib/lib.dom.d.ts","/usr/lib/node_modules/typescript/lib/lib.dom.iterable.d.ts","/usr/lib/node_modules/typescript/lib/lib.webworker.importscripts.d.ts","/usr/lib/node_modules/typescript/lib/lib.scripthost.d.ts","/usr/lib/node_modules/typescript/lib/lib.es2015.core.d.ts","/usr/lib/node_modules/typescript/lib/lib.es2015.collection.d.ts","/usr/lib/node_modules/typescript/lib/lib.es2015.generator.d.ts","/usr/lib/node_modules/typescript/lib/lib.es2015.iterable.d.ts","/usr/lib/node_modules/typescript/lib/lib.es2015.promise.d.ts","/usr/lib/node_modules/typescript/lib/lib.es2015.proxy.d.ts","/usr/lib/node_modules/typescript/lib/lib.es2015.reflect.d.ts","/usr/lib/node_modules/typescript/lib/lib.es2015.symbol.d.ts","/usr/lib/node_modules/typescript/lib/lib.es2015.symbol.wellknown.d.ts","/usr/lib/node_modules/typescript/lib/lib.es2016.array.include.d.ts","/usr/lib/node_modules/typescript/lib/lib.es2016.full.d.ts","/home/master/Desktop/rofi-notes-org/notes-org.js"],"compilerOptions":{"module":1,"target":3,"jsx":1,"allowJs":true,"allowSyntheticDefaultImports":true,"allowNonTsExtensions":true,"noEmitForJsFiles":true,"maxNodeModuleJsDepth":2},"typeAcquisition":{"enable":true,"include":[],"exclude":[]},"unresolvedImports":[],"projectRootPath":"/home/master/Desktop/rofi-notes-org","kind":"discover"}
[03:13:34.826] Loaded safelist from types map file '/usr/lib/node_modules/typescript/lib/typesMap.json'
[03:13:34.827] Explicitly included types: []
[03:13:34.828] Typing names in '/home/master/Desktop/rofi-notes-org/package.json' dependencies: ["yaml"]
[03:13:34.829] Searching for typing names in /home/master/Desktop/rofi-notes-org/node_modules; all files: ["/home/master/Desktop/rofi-notes-org/node_modules/.package-lock.json","/home/master/Desktop/rofi-notes-org/node_modules/yaml/package.json"]
[03:13:34.832]     Found package names: ["yaml"]
[03:13:34.832] Inferred typings from unresolved imports: []
[03:13:34.832] Result: {"cachedTypingPaths":[],"newTypingNames":["yaml"],"filesToWatch":["/home/master/Desktop/rofi-notes-org/package.json","/home/master/Desktop/rofi-notes-org/bower_components","/home/master/Desktop/rofi-notes-org/node_modules"]}
[03:13:34.832] Finished typings discovery: {"cachedTypingPaths":[],"newTypingNames":["yaml"],"filesToWatch":["/home/master/Desktop/rofi-notes-org/package.json","/home/master/Desktop/rofi-notes-org/bower_components","/home/master/Desktop/rofi-notes-org/node_modules"]}
[03:13:34.833] FileWatcher:: Added:: WatchInfo: /home/master/Desktop/rofi-notes-org/package.json
[03:13:34.833] FileWatcher:: Added:: WatchInfo: /home/master/Desktop/rofi-notes-org/package.json 2000 undefined Project: /dev/null/inferredProject1* watcher already invoked: false
[03:13:34.834] DirectoryWatcher:: Added:: WatchInfo: /home/master/Desktop/rofi-notes-org/bower_components
[03:13:34.836] DirectoryWatcher:: Added:: WatchInfo: /home/master/Desktop/rofi-notes-org/bower_components 1 undefined Project: /dev/null/inferredProject1* watcher already invoked: false
[03:13:34.837] Elapsed:: 0.7091830000281334ms DirectoryWatcher:: Added:: WatchInfo: /home/master/Desktop/rofi-notes-org/bower_components 1 undefined Project: /dev/null/inferredProject1* watcher already invoked: false
[03:13:34.837] DirectoryWatcher:: Added:: WatchInfo: /home/master/Desktop/rofi-notes-org/node_modules
[03:13:34.837] DirectoryWatcher:: Added:: WatchInfo: /home/master/Desktop/rofi-notes-org/node_modules 1 undefined Project: /dev/null/inferredProject1* watcher already invoked: false
[03:13:34.842] Elapsed:: 5.29899500310421ms DirectoryWatcher:: Added:: WatchInfo: /home/master/Desktop/rofi-notes-org/node_modules 1 undefined Project: /dev/null/inferredProject1* watcher already invoked: false
[03:13:34.843] Installing typings ["yaml"]
[03:13:34.843] 'yaml':: Entry for package 'yaml' does not exist in local types registry - skipping...
[03:13:34.843] All typings are known to be missing or invalid - no need to install more typings
[03:13:34.843] Sending response:
    {"projectName":"/dev/null/inferredProject1*","typeAcquisition":{"enable":true,"include":[],"exclude":[]},"compilerOptions":{"module":1,"target":3,"jsx":1,"allowJs":true,"allowSyntheticDefaultImports":true,"allowNonTsExtensions":true,"noEmitForJsFiles":true,"maxNodeModuleJsDepth":2},"typings":[],"unresolvedImports":[],"kind":"action::set"}
[03:13:34.843] Response has been sent.
