[22:50:20.779] Global cache location '/home/master/.cache/typescript/4.5', safe file path '/usr/lib/node_modules/typescript/lib/typingSafeList.json', types map path /usr/lib/node_modules/typescript/lib/typesMap.json
[22:50:20.781] Processing cache location '/home/master/.cache/typescript/4.5'
[22:50:20.781] Trying to find '/home/master/.cache/typescript/4.5/package.json'...
[22:50:20.789] Loaded content of '/home/master/.cache/typescript/4.5/package.json': {"private":true,"dependencies":{"types-registry":"^0.1.592"},"devDependencies":{"@types/color-convert":"^2.0.0","@types/color-name":"^1.1.1","@types/object-assign":"^4.0.30","@types/prompts":"^2.0.14","@types/react":"^18.0.5","@types/require-directory":"^2.1.2","@types/wrap-ansi":"^8.0.1","@types/yar":"^9.1.1","@types/yargs":"^17.0.10","@types/yargs-parser":"^21.0.0"}}
[22:50:20.789] Loaded content of '/home/master/.cache/typescript/4.5/package-lock.json'
[22:50:20.809] Adding entry into typings cache: 'color-convert' => '/home/master/.cache/typescript/4.5/node_modules/@types/color-convert/index.d.ts'
[22:50:20.812] Adding entry into typings cache: 'color-name' => '/home/master/.cache/typescript/4.5/node_modules/@types/color-name/index.d.ts'
[22:50:20.814] Adding entry into typings cache: 'object-assign' => '/home/master/.cache/typescript/4.5/node_modules/@types/object-assign/index.d.ts'
[22:50:20.817] Adding entry into typings cache: 'prompts' => '/home/master/.cache/typescript/4.5/node_modules/@types/prompts/index.d.ts'
[22:50:20.822] Adding entry into typings cache: 'react' => '/home/master/.cache/typescript/4.5/node_modules/@types/react/index.d.ts'
[22:50:20.825] Adding entry into typings cache: 'require-directory' => '/home/master/.cache/typescript/4.5/node_modules/@types/require-directory/index.d.ts'
[22:50:20.827] Adding entry into typings cache: 'wrap-ansi' => '/home/master/.cache/typescript/4.5/node_modules/@types/wrap-ansi/index.d.ts'
[22:50:20.832] Adding entry into typings cache: 'yar' => '/home/master/.cache/typescript/4.5/node_modules/@types/yar/index.d.ts'
[22:50:20.835] Adding entry into typings cache: 'yargs' => '/home/master/.cache/typescript/4.5/node_modules/@types/yargs/index.d.ts'
[22:50:20.843] Adding entry into typings cache: 'yargs-parser' => '/home/master/.cache/typescript/4.5/node_modules/@types/yargs-parser/index.d.ts'
[22:50:20.843] Finished processing cache location '/home/master/.cache/typescript/4.5'
[22:50:20.843] Process id: 10296
[22:50:20.843] NPM location: /usr/bin/npm (explicit '--npmLocation' not  provided)
[22:50:20.843] validateDefaultNpmLocation: false
[22:50:20.843] Npm config file: /home/master/.cache/typescript/4.5/package.json
[22:50:20.843] Updating types-registry npm package...
[22:50:20.844] Exec: /usr/bin/npm install --ignore-scripts types-registry@latest
[22:50:23.179]     Succeeded. stdout:
    
    up to date, audited 30 packages in 1s

found 0 vulnerabilities

[22:50:23.180] Updated types-registry npm package
[22:50:24.292] Got install request {"projectName":"/dev/null/inferredProject1*","fileNames":["/usr/lib/node_modules/typescript/lib/lib.es5.d.ts","/usr/lib/node_modules/typescript/lib/lib.es2015.d.ts","/usr/lib/node_modules/typescript/lib/lib.es2016.d.ts","/usr/lib/node_modules/typescript/lib/lib.dom.d.ts","/usr/lib/node_modules/typescript/lib/lib.dom.iterable.d.ts","/usr/lib/node_modules/typescript/lib/lib.webworker.importscripts.d.ts","/usr/lib/node_modules/typescript/lib/lib.scripthost.d.ts","/usr/lib/node_modules/typescript/lib/lib.es2015.core.d.ts","/usr/lib/node_modules/typescript/lib/lib.es2015.collection.d.ts","/usr/lib/node_modules/typescript/lib/lib.es2015.generator.d.ts","/usr/lib/node_modules/typescript/lib/lib.es2015.iterable.d.ts","/usr/lib/node_modules/typescript/lib/lib.es2015.promise.d.ts","/usr/lib/node_modules/typescript/lib/lib.es2015.proxy.d.ts","/usr/lib/node_modules/typescript/lib/lib.es2015.reflect.d.ts","/usr/lib/node_modules/typescript/lib/lib.es2015.symbol.d.ts","/usr/lib/node_modules/typescript/lib/lib.es2015.symbol.wellknown.d.ts","/usr/lib/node_modules/typescript/lib/lib.es2016.array.include.d.ts","/usr/lib/node_modules/typescript/lib/lib.es2016.full.d.ts","/home/master/Desktop/rofi-notes-org/notes-org.js"],"compilerOptions":{"module":1,"target":3,"jsx":1,"allowJs":true,"allowSyntheticDefaultImports":true,"allowNonTsExtensions":true,"noEmitForJsFiles":true,"maxNodeModuleJsDepth":2},"typeAcquisition":{"enable":true,"include":[],"exclude":[]},"unresolvedImports":[],"projectRootPath":"/home/master/Desktop/rofi-notes-org","kind":"discover"}
[22:50:24.310] Loaded safelist from types map file '/usr/lib/node_modules/typescript/lib/typesMap.json'
[22:50:24.311] Explicitly included types: []
[22:50:24.312] Typing names in '/home/master/Desktop/rofi-notes-org/package.json' dependencies: ["yaml"]
[22:50:24.314] Searching for typing names in /home/master/Desktop/rofi-notes-org/node_modules; all files: ["/home/master/Desktop/rofi-notes-org/node_modules/.package-lock.json","/home/master/Desktop/rofi-notes-org/node_modules/yaml/package.json"]
[22:50:24.315]     Found package names: ["yaml"]
[22:50:24.316] Inferred typings from unresolved imports: []
[22:50:24.316] Result: {"cachedTypingPaths":[],"newTypingNames":["yaml"],"filesToWatch":["/home/master/Desktop/rofi-notes-org/package.json","/home/master/Desktop/rofi-notes-org/bower_components","/home/master/Desktop/rofi-notes-org/node_modules"]}
[22:50:24.316] Finished typings discovery: {"cachedTypingPaths":[],"newTypingNames":["yaml"],"filesToWatch":["/home/master/Desktop/rofi-notes-org/package.json","/home/master/Desktop/rofi-notes-org/bower_components","/home/master/Desktop/rofi-notes-org/node_modules"]}
[22:50:24.316] FileWatcher:: Added:: WatchInfo: /home/master/Desktop/rofi-notes-org/package.json
[22:50:24.316] FileWatcher:: Added:: WatchInfo: /home/master/Desktop/rofi-notes-org/package.json 2000 undefined Project: /dev/null/inferredProject1* watcher already invoked: false
[22:50:24.317] DirectoryWatcher:: Added:: WatchInfo: /home/master/Desktop/rofi-notes-org/bower_components
[22:50:24.317] DirectoryWatcher:: Added:: WatchInfo: /home/master/Desktop/rofi-notes-org/bower_components 1 undefined Project: /dev/null/inferredProject1* watcher already invoked: false
[22:50:24.318] Elapsed:: 0.6856370000168681ms DirectoryWatcher:: Added:: WatchInfo: /home/master/Desktop/rofi-notes-org/bower_components 1 undefined Project: /dev/null/inferredProject1* watcher already invoked: false
[22:50:24.318] DirectoryWatcher:: Added:: WatchInfo: /home/master/Desktop/rofi-notes-org/node_modules
[22:50:24.318] DirectoryWatcher:: Added:: WatchInfo: /home/master/Desktop/rofi-notes-org/node_modules 1 undefined Project: /dev/null/inferredProject1* watcher already invoked: false
[22:50:24.323] Elapsed:: 4.247187000000849ms DirectoryWatcher:: Added:: WatchInfo: /home/master/Desktop/rofi-notes-org/node_modules 1 undefined Project: /dev/null/inferredProject1* watcher already invoked: false
[22:50:24.323] Installing typings ["yaml"]
[22:50:24.323] 'yaml':: Entry for package 'yaml' does not exist in local types registry - skipping...
[22:50:24.323] All typings are known to be missing or invalid - no need to install more typings
[22:50:24.323] Sending response:
    {"projectName":"/dev/null/inferredProject1*","typeAcquisition":{"enable":true,"include":[],"exclude":[]},"compilerOptions":{"module":1,"target":3,"jsx":1,"allowJs":true,"allowSyntheticDefaultImports":true,"allowNonTsExtensions":true,"noEmitForJsFiles":true,"maxNodeModuleJsDepth":2},"typings":[],"unresolvedImports":[],"kind":"action::set"}
[22:50:24.324] Response has been sent.
[17:12:12.842] FileWatcher:: Triggered with /home/master/Desktop/rofi-notes-org/package.json 1:: WatchInfo: /home/master/Desktop/rofi-notes-org/package.json 2000 undefined Project: /dev/null/inferredProject1* watcher already invoked: false
[17:12:12.843] Sending response:
    {"projectName":"/dev/null/inferredProject1*","kind":"action::invalidate"}
[17:12:12.843] Response has been sent.
[17:12:12.843] Elapsed:: 0.5418750010430813ms FileWatcher:: Triggered with /home/master/Desktop/rofi-notes-org/package.json 1:: WatchInfo: /home/master/Desktop/rofi-notes-org/package.json 2000 undefined Project: /dev/null/inferredProject1* watcher already invoked: false
[17:12:12.946] Got install request {"projectName":"/dev/null/inferredProject1*","fileNames":["/usr/lib/node_modules/typescript/lib/lib.es5.d.ts","/usr/lib/node_modules/typescript/lib/lib.es2015.d.ts","/usr/lib/node_modules/typescript/lib/lib.es2016.d.ts","/usr/lib/node_modules/typescript/lib/lib.dom.d.ts","/usr/lib/node_modules/typescript/lib/lib.dom.iterable.d.ts","/usr/lib/node_modules/typescript/lib/lib.webworker.importscripts.d.ts","/usr/lib/node_modules/typescript/lib/lib.scripthost.d.ts","/usr/lib/node_modules/typescript/lib/lib.es2015.core.d.ts","/usr/lib/node_modules/typescript/lib/lib.es2015.collection.d.ts","/usr/lib/node_modules/typescript/lib/lib.es2015.generator.d.ts","/usr/lib/node_modules/typescript/lib/lib.es2015.iterable.d.ts","/usr/lib/node_modules/typescript/lib/lib.es2015.promise.d.ts","/usr/lib/node_modules/typescript/lib/lib.es2015.proxy.d.ts","/usr/lib/node_modules/typescript/lib/lib.es2015.reflect.d.ts","/usr/lib/node_modules/typescript/lib/lib.es2015.symbol.d.ts","/usr/lib/node_modules/typescript/lib/lib.es2015.symbol.wellknown.d.ts","/usr/lib/node_modules/typescript/lib/lib.es2016.array.include.d.ts","/usr/lib/node_modules/typescript/lib/lib.es2016.full.d.ts","/home/master/Desktop/rofi-notes-org/notes-org.js"],"compilerOptions":{"module":1,"target":3,"jsx":1,"allowJs":true,"allowSyntheticDefaultImports":true,"allowNonTsExtensions":true,"noEmitForJsFiles":true,"maxNodeModuleJsDepth":2},"typeAcquisition":{"enable":true,"include":[],"exclude":[]},"unresolvedImports":[],"projectRootPath":"/home/master/Desktop/rofi-notes-org","kind":"discover"}
[17:12:12.946] Explicitly included types: []
[17:12:12.949] Typing names in '/home/master/Desktop/rofi-notes-org/package.json' dependencies: ["yaml"]
[17:12:12.950] Searching for typing names in /home/master/Desktop/rofi-notes-org/node_modules; all files: ["/home/master/Desktop/rofi-notes-org/node_modules/.package-lock.json","/home/master/Desktop/rofi-notes-org/node_modules/yaml/package.json"]
[17:12:12.952]     Found package names: ["yaml"]
[17:12:12.952] Inferred typings from unresolved imports: []
[17:12:12.952] Result: {"cachedTypingPaths":[],"newTypingNames":["yaml"],"filesToWatch":["/home/master/Desktop/rofi-notes-org/package.json","/home/master/Desktop/rofi-notes-org/bower_components","/home/master/Desktop/rofi-notes-org/node_modules"]}
[17:12:12.952] Finished typings discovery: {"cachedTypingPaths":[],"newTypingNames":["yaml"],"filesToWatch":["/home/master/Desktop/rofi-notes-org/package.json","/home/master/Desktop/rofi-notes-org/bower_components","/home/master/Desktop/rofi-notes-org/node_modules"]}
[17:12:12.952] Installing typings ["yaml"]
[17:12:12.952] 'yaml':: Entry for package 'yaml' does not exist in local types registry - skipping...
[17:12:12.952] All typings are known to be missing or invalid - no need to install more typings
[17:12:12.953] Sending response:
    {"projectName":"/dev/null/inferredProject1*","typeAcquisition":{"enable":true,"include":[],"exclude":[]},"compilerOptions":{"module":1,"target":3,"jsx":1,"allowJs":true,"allowSyntheticDefaultImports":true,"allowNonTsExtensions":true,"noEmitForJsFiles":true,"maxNodeModuleJsDepth":2},"typings":[],"unresolvedImports":[],"kind":"action::set"}
[17:12:12.953] Response has been sent.
