[23:47:16.970] Global cache location '/home/master/.cache/typescript/4.5', safe file path '/usr/lib/node_modules/typescript/lib/typingSafeList.json', types map path /usr/lib/node_modules/typescript/lib/typesMap.json
[23:47:16.971] Processing cache location '/home/master/.cache/typescript/4.5'
[23:47:16.971] Trying to find '/home/master/.cache/typescript/4.5/package.json'...
[23:47:16.975] Loaded content of '/home/master/.cache/typescript/4.5/package.json': {"private":true,"dependencies":{"types-registry":"^0.1.591"},"devDependencies":{"@types/color-convert":"^2.0.0","@types/color-name":"^1.1.1","@types/object-assign":"^4.0.30","@types/prompts":"^2.0.14","@types/react":"^18.0.5","@types/require-directory":"^2.1.2","@types/wrap-ansi":"^8.0.1","@types/yargs":"^17.0.10","@types/yargs-parser":"^21.0.0"}}
[23:47:16.975] Loaded content of '/home/master/.cache/typescript/4.5/package-lock.json'
[23:47:17.001] Adding entry into typings cache: 'color-convert' => '/home/master/.cache/typescript/4.5/node_modules/@types/color-convert/index.d.ts'
[23:47:17.005] Adding entry into typings cache: 'color-name' => '/home/master/.cache/typescript/4.5/node_modules/@types/color-name/index.d.ts'
[23:47:17.007] Adding entry into typings cache: 'object-assign' => '/home/master/.cache/typescript/4.5/node_modules/@types/object-assign/index.d.ts'
[23:47:17.009] Adding entry into typings cache: 'prompts' => '/home/master/.cache/typescript/4.5/node_modules/@types/prompts/index.d.ts'
[23:47:17.014] Adding entry into typings cache: 'react' => '/home/master/.cache/typescript/4.5/node_modules/@types/react/index.d.ts'
[23:47:17.016] Adding entry into typings cache: 'require-directory' => '/home/master/.cache/typescript/4.5/node_modules/@types/require-directory/index.d.ts'
[23:47:17.017] Adding entry into typings cache: 'wrap-ansi' => '/home/master/.cache/typescript/4.5/node_modules/@types/wrap-ansi/index.d.ts'
[23:47:17.020] Adding entry into typings cache: 'yargs' => '/home/master/.cache/typescript/4.5/node_modules/@types/yargs/index.d.ts'
[23:47:17.022] Adding entry into typings cache: 'yargs-parser' => '/home/master/.cache/typescript/4.5/node_modules/@types/yargs-parser/index.d.ts'
[23:47:17.023] Finished processing cache location '/home/master/.cache/typescript/4.5'
[23:47:17.023] Process id: 52406
[23:47:17.023] NPM location: /usr/bin/npm (explicit '--npmLocation' not  provided)
[23:47:17.023] validateDefaultNpmLocation: false
[23:47:17.023] Npm config file: /home/master/.cache/typescript/4.5/package.json
[23:47:17.023] Updating types-registry npm package...
[23:47:17.023] Exec: /usr/bin/npm install --ignore-scripts types-registry@latest
[23:47:19.674]     Succeeded. stdout:
    
    changed 1 package, and audited 15 packages in 2s

found 0 vulnerabilities

[23:47:19.675] Updated types-registry npm package
[23:47:19.728] Got install request {"projectName":"/dev/null/inferredProject1*","fileNames":["/usr/lib/node_modules/typescript/lib/lib.es5.d.ts","/usr/lib/node_modules/typescript/lib/lib.es2015.d.ts","/usr/lib/node_modules/typescript/lib/lib.es2016.d.ts","/usr/lib/node_modules/typescript/lib/lib.dom.d.ts","/usr/lib/node_modules/typescript/lib/lib.dom.iterable.d.ts","/usr/lib/node_modules/typescript/lib/lib.webworker.importscripts.d.ts","/usr/lib/node_modules/typescript/lib/lib.scripthost.d.ts","/usr/lib/node_modules/typescript/lib/lib.es2015.core.d.ts","/usr/lib/node_modules/typescript/lib/lib.es2015.collection.d.ts","/usr/lib/node_modules/typescript/lib/lib.es2015.generator.d.ts","/usr/lib/node_modules/typescript/lib/lib.es2015.iterable.d.ts","/usr/lib/node_modules/typescript/lib/lib.es2015.promise.d.ts","/usr/lib/node_modules/typescript/lib/lib.es2015.proxy.d.ts","/usr/lib/node_modules/typescript/lib/lib.es2015.reflect.d.ts","/usr/lib/node_modules/typescript/lib/lib.es2015.symbol.d.ts","/usr/lib/node_modules/typescript/lib/lib.es2015.symbol.wellknown.d.ts","/usr/lib/node_modules/typescript/lib/lib.es2016.array.include.d.ts","/usr/lib/node_modules/typescript/lib/lib.es2016.full.d.ts","/home/master/Desktop/rofi-notes-org/notes-org.js"],"compilerOptions":{"module":1,"target":3,"jsx":1,"allowJs":true,"allowSyntheticDefaultImports":true,"allowNonTsExtensions":true,"noEmitForJsFiles":true,"maxNodeModuleJsDepth":2},"typeAcquisition":{"enable":true,"include":[],"exclude":[]},"unresolvedImports":[],"projectRootPath":"/home/master/Desktop/rofi-notes-org","kind":"discover"}
[23:47:19.739] Loaded safelist from types map file '/usr/lib/node_modules/typescript/lib/typesMap.json'
[23:47:19.740] Explicitly included types: []
[23:47:19.740] Inferred typings from unresolved imports: []
[23:47:19.741] Result: {"cachedTypingPaths":[],"newTypingNames":[],"filesToWatch":["/home/master/Desktop/rofi-notes-org/bower_components","/home/master/Desktop/rofi-notes-org/node_modules"]}
[23:47:19.741] Finished typings discovery: {"cachedTypingPaths":[],"newTypingNames":[],"filesToWatch":["/home/master/Desktop/rofi-notes-org/bower_components","/home/master/Desktop/rofi-notes-org/node_modules"]}
[23:47:19.741] DirectoryWatcher:: Added:: WatchInfo: /home/master/Desktop/rofi-notes-org/bower_components
[23:47:19.741] DirectoryWatcher:: Added:: WatchInfo: /home/master/Desktop/rofi-notes-org/bower_components 1 undefined Project: /dev/null/inferredProject1* watcher already invoked: false
[23:47:19.743] Elapsed:: 1.2377080004662275ms DirectoryWatcher:: Added:: WatchInfo: /home/master/Desktop/rofi-notes-org/bower_components 1 undefined Project: /dev/null/inferredProject1* watcher already invoked: false
[23:47:19.743] DirectoryWatcher:: Added:: WatchInfo: /home/master/Desktop/rofi-notes-org/node_modules
[23:47:19.743] DirectoryWatcher:: Added:: WatchInfo: /home/master/Desktop/rofi-notes-org/node_modules 1 undefined Project: /dev/null/inferredProject1* watcher already invoked: false
[23:47:19.743] Elapsed:: 0.09422400034964085ms DirectoryWatcher:: Added:: WatchInfo: /home/master/Desktop/rofi-notes-org/node_modules 1 undefined Project: /dev/null/inferredProject1* watcher already invoked: false
[23:47:19.743] Sending response:
    {"projectName":"/dev/null/inferredProject1*","typeAcquisition":{"enable":true,"include":[],"exclude":[]},"compilerOptions":{"module":1,"target":3,"jsx":1,"allowJs":true,"allowSyntheticDefaultImports":true,"allowNonTsExtensions":true,"noEmitForJsFiles":true,"maxNodeModuleJsDepth":2},"typings":[],"unresolvedImports":[],"kind":"action::set"}
[23:47:19.743] Response has been sent.
[23:47:19.743] No new typings were requested as a result of typings discovery
[23:51:23.077] Got install request {"projectName":"/dev/null/inferredProject1*","fileNames":["/usr/lib/node_modules/typescript/lib/lib.es5.d.ts","/usr/lib/node_modules/typescript/lib/lib.es2015.d.ts","/usr/lib/node_modules/typescript/lib/lib.es2016.d.ts","/usr/lib/node_modules/typescript/lib/lib.dom.d.ts","/usr/lib/node_modules/typescript/lib/lib.dom.iterable.d.ts","/usr/lib/node_modules/typescript/lib/lib.webworker.importscripts.d.ts","/usr/lib/node_modules/typescript/lib/lib.scripthost.d.ts","/usr/lib/node_modules/typescript/lib/lib.es2015.core.d.ts","/usr/lib/node_modules/typescript/lib/lib.es2015.collection.d.ts","/usr/lib/node_modules/typescript/lib/lib.es2015.generator.d.ts","/usr/lib/node_modules/typescript/lib/lib.es2015.iterable.d.ts","/usr/lib/node_modules/typescript/lib/lib.es2015.promise.d.ts","/usr/lib/node_modules/typescript/lib/lib.es2015.proxy.d.ts","/usr/lib/node_modules/typescript/lib/lib.es2015.reflect.d.ts","/usr/lib/node_modules/typescript/lib/lib.es2015.symbol.d.ts","/usr/lib/node_modules/typescript/lib/lib.es2015.symbol.wellknown.d.ts","/usr/lib/node_modules/typescript/lib/lib.es2016.array.include.d.ts","/usr/lib/node_modules/typescript/lib/lib.es2016.full.d.ts","/home/master/Desktop/rofi-notes-org/notes-org.js"],"compilerOptions":{"module":1,"target":3,"jsx":1,"allowJs":true,"allowSyntheticDefaultImports":true,"allowNonTsExtensions":true,"noEmitForJsFiles":true,"maxNodeModuleJsDepth":2},"typeAcquisition":{"enable":true,"include":[],"exclude":[]},"unresolvedImports":[""],"projectRootPath":"/home/master/Desktop/rofi-notes-org","kind":"discover"}
[23:51:23.078] Explicitly included types: []
[23:51:23.078] Inferred typings from unresolved imports: [""]
[23:51:23.079] Result: {"cachedTypingPaths":[],"newTypingNames":[""],"filesToWatch":["/home/master/Desktop/rofi-notes-org/bower_components","/home/master/Desktop/rofi-notes-org/node_modules"]}
[23:51:23.079] Finished typings discovery: {"cachedTypingPaths":[],"newTypingNames":[""],"filesToWatch":["/home/master/Desktop/rofi-notes-org/bower_components","/home/master/Desktop/rofi-notes-org/node_modules"]}
[23:51:23.080] Installing typings [""]
[23:51:23.081] '':: Package name '' cannot be empty
[23:51:23.081] All typings are known to be missing or invalid - no need to install more typings
[23:51:23.082] Sending response:
    {"projectName":"/dev/null/inferredProject1*","typeAcquisition":{"enable":true,"include":[],"exclude":[]},"compilerOptions":{"module":1,"target":3,"jsx":1,"allowJs":true,"allowSyntheticDefaultImports":true,"allowNonTsExtensions":true,"noEmitForJsFiles":true,"maxNodeModuleJsDepth":2},"typings":[],"unresolvedImports":[""],"kind":"action::set"}
[23:51:23.082] Response has been sent.
[23:51:24.411] Got install request {"projectName":"/dev/null/inferredProject1*","fileNames":["/usr/lib/node_modules/typescript/lib/lib.es5.d.ts","/usr/lib/node_modules/typescript/lib/lib.es2015.d.ts","/usr/lib/node_modules/typescript/lib/lib.es2016.d.ts","/usr/lib/node_modules/typescript/lib/lib.dom.d.ts","/usr/lib/node_modules/typescript/lib/lib.dom.iterable.d.ts","/usr/lib/node_modules/typescript/lib/lib.webworker.importscripts.d.ts","/usr/lib/node_modules/typescript/lib/lib.scripthost.d.ts","/usr/lib/node_modules/typescript/lib/lib.es2015.core.d.ts","/usr/lib/node_modules/typescript/lib/lib.es2015.collection.d.ts","/usr/lib/node_modules/typescript/lib/lib.es2015.generator.d.ts","/usr/lib/node_modules/typescript/lib/lib.es2015.iterable.d.ts","/usr/lib/node_modules/typescript/lib/lib.es2015.promise.d.ts","/usr/lib/node_modules/typescript/lib/lib.es2015.proxy.d.ts","/usr/lib/node_modules/typescript/lib/lib.es2015.reflect.d.ts","/usr/lib/node_modules/typescript/lib/lib.es2015.symbol.d.ts","/usr/lib/node_modules/typescript/lib/lib.es2015.symbol.wellknown.d.ts","/usr/lib/node_modules/typescript/lib/lib.es2016.array.include.d.ts","/usr/lib/node_modules/typescript/lib/lib.es2016.full.d.ts","/home/master/Desktop/rofi-notes-org/notes-org.js"],"compilerOptions":{"module":1,"target":3,"jsx":1,"allowJs":true,"allowSyntheticDefaultImports":true,"allowNonTsExtensions":true,"noEmitForJsFiles":true,"maxNodeModuleJsDepth":2},"typeAcquisition":{"enable":true,"include":[],"exclude":[]},"unresolvedImports":[],"projectRootPath":"/home/master/Desktop/rofi-notes-org","kind":"discover"}
[23:51:24.411] Explicitly included types: []
[23:51:24.411] Inferred typings from unresolved imports: []
[23:51:24.411] Result: {"cachedTypingPaths":[],"newTypingNames":[],"filesToWatch":["/home/master/Desktop/rofi-notes-org/bower_components","/home/master/Desktop/rofi-notes-org/node_modules"]}
[23:51:24.411] Finished typings discovery: {"cachedTypingPaths":[],"newTypingNames":[],"filesToWatch":["/home/master/Desktop/rofi-notes-org/bower_components","/home/master/Desktop/rofi-notes-org/node_modules"]}
[23:51:24.411] Sending response:
    {"projectName":"/dev/null/inferredProject1*","typeAcquisition":{"enable":true,"include":[],"exclude":[]},"compilerOptions":{"module":1,"target":3,"jsx":1,"allowJs":true,"allowSyntheticDefaultImports":true,"allowNonTsExtensions":true,"noEmitForJsFiles":true,"maxNodeModuleJsDepth":2},"typings":[],"unresolvedImports":[],"kind":"action::set"}
[23:51:24.411] Response has been sent.
[23:51:24.411] No new typings were requested as a result of typings discovery
[23:56:55.388] Got install request {"projectName":"/dev/null/inferredProject1*","fileNames":["/usr/lib/node_modules/typescript/lib/lib.es5.d.ts","/usr/lib/node_modules/typescript/lib/lib.es2015.d.ts","/usr/lib/node_modules/typescript/lib/lib.es2016.d.ts","/usr/lib/node_modules/typescript/lib/lib.dom.d.ts","/usr/lib/node_modules/typescript/lib/lib.dom.iterable.d.ts","/usr/lib/node_modules/typescript/lib/lib.webworker.importscripts.d.ts","/usr/lib/node_modules/typescript/lib/lib.scripthost.d.ts","/usr/lib/node_modules/typescript/lib/lib.es2015.core.d.ts","/usr/lib/node_modules/typescript/lib/lib.es2015.collection.d.ts","/usr/lib/node_modules/typescript/lib/lib.es2015.generator.d.ts","/usr/lib/node_modules/typescript/lib/lib.es2015.iterable.d.ts","/usr/lib/node_modules/typescript/lib/lib.es2015.promise.d.ts","/usr/lib/node_modules/typescript/lib/lib.es2015.proxy.d.ts","/usr/lib/node_modules/typescript/lib/lib.es2015.reflect.d.ts","/usr/lib/node_modules/typescript/lib/lib.es2015.symbol.d.ts","/usr/lib/node_modules/typescript/lib/lib.es2015.symbol.wellknown.d.ts","/usr/lib/node_modules/typescript/lib/lib.es2016.array.include.d.ts","/usr/lib/node_modules/typescript/lib/lib.es2016.full.d.ts","/home/master/Desktop/rofi-notes-org/notes-org.js"],"compilerOptions":{"module":1,"target":3,"jsx":1,"allowJs":true,"allowSyntheticDefaultImports":true,"allowNonTsExtensions":true,"noEmitForJsFiles":true,"maxNodeModuleJsDepth":2},"typeAcquisition":{"enable":true,"include":[],"exclude":[]},"unresolvedImports":[],"projectRootPath":"/home/master/Desktop/rofi-notes-org","kind":"discover"}
[23:56:55.388] Explicitly included types: []
[23:56:55.389] Inferred typings from unresolved imports: []
[23:56:55.389] Result: {"cachedTypingPaths":[],"newTypingNames":[],"filesToWatch":["/home/master/Desktop/rofi-notes-org/bower_components","/home/master/Desktop/rofi-notes-org/node_modules"]}
[23:56:55.389] Finished typings discovery: {"cachedTypingPaths":[],"newTypingNames":[],"filesToWatch":["/home/master/Desktop/rofi-notes-org/bower_components","/home/master/Desktop/rofi-notes-org/node_modules"]}
[23:56:55.389] Sending response:
    {"projectName":"/dev/null/inferredProject1*","typeAcquisition":{"enable":true,"include":[],"exclude":[]},"compilerOptions":{"module":1,"target":3,"jsx":1,"allowJs":true,"allowSyntheticDefaultImports":true,"allowNonTsExtensions":true,"noEmitForJsFiles":true,"maxNodeModuleJsDepth":2},"typings":[],"unresolvedImports":[],"kind":"action::set"}
[23:56:55.389] Response has been sent.
[23:56:55.389] No new typings were requested as a result of typings discovery
[23:56:57.473] Got install request {"projectName":"/dev/null/inferredProject1*","fileNames":["/usr/lib/node_modules/typescript/lib/lib.es5.d.ts","/usr/lib/node_modules/typescript/lib/lib.es2015.d.ts","/usr/lib/node_modules/typescript/lib/lib.es2016.d.ts","/usr/lib/node_modules/typescript/lib/lib.dom.d.ts","/usr/lib/node_modules/typescript/lib/lib.dom.iterable.d.ts","/usr/lib/node_modules/typescript/lib/lib.webworker.importscripts.d.ts","/usr/lib/node_modules/typescript/lib/lib.scripthost.d.ts","/usr/lib/node_modules/typescript/lib/lib.es2015.core.d.ts","/usr/lib/node_modules/typescript/lib/lib.es2015.collection.d.ts","/usr/lib/node_modules/typescript/lib/lib.es2015.generator.d.ts","/usr/lib/node_modules/typescript/lib/lib.es2015.iterable.d.ts","/usr/lib/node_modules/typescript/lib/lib.es2015.promise.d.ts","/usr/lib/node_modules/typescript/lib/lib.es2015.proxy.d.ts","/usr/lib/node_modules/typescript/lib/lib.es2015.reflect.d.ts","/usr/lib/node_modules/typescript/lib/lib.es2015.symbol.d.ts","/usr/lib/node_modules/typescript/lib/lib.es2015.symbol.wellknown.d.ts","/usr/lib/node_modules/typescript/lib/lib.es2016.array.include.d.ts","/usr/lib/node_modules/typescript/lib/lib.es2016.full.d.ts","/home/master/Desktop/rofi-notes-org/notes-org.js"],"compilerOptions":{"module":1,"target":3,"jsx":1,"allowJs":true,"allowSyntheticDefaultImports":true,"allowNonTsExtensions":true,"noEmitForJsFiles":true,"maxNodeModuleJsDepth":2},"typeAcquisition":{"enable":true,"include":[],"exclude":[]},"unresolvedImports":[],"projectRootPath":"/home/master/Desktop/rofi-notes-org","kind":"discover"}
[23:56:57.474] Explicitly included types: []
[23:56:57.474] Inferred typings from unresolved imports: []
[23:56:57.474] Result: {"cachedTypingPaths":[],"newTypingNames":[],"filesToWatch":["/home/master/Desktop/rofi-notes-org/bower_components","/home/master/Desktop/rofi-notes-org/node_modules"]}
[23:56:57.474] Finished typings discovery: {"cachedTypingPaths":[],"newTypingNames":[],"filesToWatch":["/home/master/Desktop/rofi-notes-org/bower_components","/home/master/Desktop/rofi-notes-org/node_modules"]}
[23:56:57.475] Sending response:
    {"projectName":"/dev/null/inferredProject1*","typeAcquisition":{"enable":true,"include":[],"exclude":[]},"compilerOptions":{"module":1,"target":3,"jsx":1,"allowJs":true,"allowSyntheticDefaultImports":true,"allowNonTsExtensions":true,"noEmitForJsFiles":true,"maxNodeModuleJsDepth":2},"typings":[],"unresolvedImports":[],"kind":"action::set"}
[23:56:57.475] Response has been sent.
[23:56:57.475] No new typings were requested as a result of typings discovery
[00:05:57.489] Got install request {"projectName":"/dev/null/inferredProject1*","fileNames":["/usr/lib/node_modules/typescript/lib/lib.es5.d.ts","/usr/lib/node_modules/typescript/lib/lib.es2015.d.ts","/usr/lib/node_modules/typescript/lib/lib.es2016.d.ts","/usr/lib/node_modules/typescript/lib/lib.dom.d.ts","/usr/lib/node_modules/typescript/lib/lib.dom.iterable.d.ts","/usr/lib/node_modules/typescript/lib/lib.webworker.importscripts.d.ts","/usr/lib/node_modules/typescript/lib/lib.scripthost.d.ts","/usr/lib/node_modules/typescript/lib/lib.es2015.core.d.ts","/usr/lib/node_modules/typescript/lib/lib.es2015.collection.d.ts","/usr/lib/node_modules/typescript/lib/lib.es2015.generator.d.ts","/usr/lib/node_modules/typescript/lib/lib.es2015.iterable.d.ts","/usr/lib/node_modules/typescript/lib/lib.es2015.promise.d.ts","/usr/lib/node_modules/typescript/lib/lib.es2015.proxy.d.ts","/usr/lib/node_modules/typescript/lib/lib.es2015.reflect.d.ts","/usr/lib/node_modules/typescript/lib/lib.es2015.symbol.d.ts","/usr/lib/node_modules/typescript/lib/lib.es2015.symbol.wellknown.d.ts","/usr/lib/node_modules/typescript/lib/lib.es2016.array.include.d.ts","/usr/lib/node_modules/typescript/lib/lib.es2016.full.d.ts","/home/master/Desktop/rofi-notes-org/notes-org.js"],"compilerOptions":{"module":1,"target":3,"jsx":1,"allowJs":true,"allowSyntheticDefaultImports":true,"allowNonTsExtensions":true,"noEmitForJsFiles":true,"maxNodeModuleJsDepth":2},"typeAcquisition":{"enable":true,"include":[],"exclude":[]},"unresolvedImports":[""],"projectRootPath":"/home/master/Desktop/rofi-notes-org","kind":"discover"}
[00:05:57.489] Explicitly included types: []
[00:05:57.490] Inferred typings from unresolved imports: [""]
[00:05:57.490] Result: {"cachedTypingPaths":[],"newTypingNames":[""],"filesToWatch":["/home/master/Desktop/rofi-notes-org/bower_components","/home/master/Desktop/rofi-notes-org/node_modules"]}
[00:05:57.490] Finished typings discovery: {"cachedTypingPaths":[],"newTypingNames":[""],"filesToWatch":["/home/master/Desktop/rofi-notes-org/bower_components","/home/master/Desktop/rofi-notes-org/node_modules"]}
[00:05:57.490] Installing typings [""]
[00:05:57.490] '':: '' is in missingTypingsSet - skipping...
[00:05:57.490] All typings are known to be missing or invalid - no need to install more typings
[00:05:57.491] Sending response:
    {"projectName":"/dev/null/inferredProject1*","typeAcquisition":{"enable":true,"include":[],"exclude":[]},"compilerOptions":{"module":1,"target":3,"jsx":1,"allowJs":true,"allowSyntheticDefaultImports":true,"allowNonTsExtensions":true,"noEmitForJsFiles":true,"maxNodeModuleJsDepth":2},"typings":[],"unresolvedImports":[""],"kind":"action::set"}
[00:05:57.491] Response has been sent.
[00:05:58.169] Got install request {"projectName":"/dev/null/inferredProject1*","fileNames":["/usr/lib/node_modules/typescript/lib/lib.es5.d.ts","/usr/lib/node_modules/typescript/lib/lib.es2015.d.ts","/usr/lib/node_modules/typescript/lib/lib.es2016.d.ts","/usr/lib/node_modules/typescript/lib/lib.dom.d.ts","/usr/lib/node_modules/typescript/lib/lib.dom.iterable.d.ts","/usr/lib/node_modules/typescript/lib/lib.webworker.importscripts.d.ts","/usr/lib/node_modules/typescript/lib/lib.scripthost.d.ts","/usr/lib/node_modules/typescript/lib/lib.es2015.core.d.ts","/usr/lib/node_modules/typescript/lib/lib.es2015.collection.d.ts","/usr/lib/node_modules/typescript/lib/lib.es2015.generator.d.ts","/usr/lib/node_modules/typescript/lib/lib.es2015.iterable.d.ts","/usr/lib/node_modules/typescript/lib/lib.es2015.promise.d.ts","/usr/lib/node_modules/typescript/lib/lib.es2015.proxy.d.ts","/usr/lib/node_modules/typescript/lib/lib.es2015.reflect.d.ts","/usr/lib/node_modules/typescript/lib/lib.es2015.symbol.d.ts","/usr/lib/node_modules/typescript/lib/lib.es2015.symbol.wellknown.d.ts","/usr/lib/node_modules/typescript/lib/lib.es2016.array.include.d.ts","/usr/lib/node_modules/typescript/lib/lib.es2016.full.d.ts","/home/master/Desktop/rofi-notes-org/notes-org.js"],"compilerOptions":{"module":1,"target":3,"jsx":1,"allowJs":true,"allowSyntheticDefaultImports":true,"allowNonTsExtensions":true,"noEmitForJsFiles":true,"maxNodeModuleJsDepth":2},"typeAcquisition":{"enable":true,"include":[],"exclude":[]},"unresolvedImports":["ex"],"projectRootPath":"/home/master/Desktop/rofi-notes-org","kind":"discover"}
[00:05:58.170] Explicitly included types: []
[00:05:58.170] Inferred typings from unresolved imports: ["ex"]
[00:05:58.170] Result: {"cachedTypingPaths":[],"newTypingNames":["ex"],"filesToWatch":["/home/master/Desktop/rofi-notes-org/bower_components","/home/master/Desktop/rofi-notes-org/node_modules"]}
[00:05:58.170] Finished typings discovery: {"cachedTypingPaths":[],"newTypingNames":["ex"],"filesToWatch":["/home/master/Desktop/rofi-notes-org/bower_components","/home/master/Desktop/rofi-notes-org/node_modules"]}
[00:05:58.170] Installing typings ["ex"]
[00:05:58.170] 'ex':: Entry for package 'ex' does not exist in local types registry - skipping...
[00:05:58.170] All typings are known to be missing or invalid - no need to install more typings
[00:05:58.170] Sending response:
    {"projectName":"/dev/null/inferredProject1*","typeAcquisition":{"enable":true,"include":[],"exclude":[]},"compilerOptions":{"module":1,"target":3,"jsx":1,"allowJs":true,"allowSyntheticDefaultImports":true,"allowNonTsExtensions":true,"noEmitForJsFiles":true,"maxNodeModuleJsDepth":2},"typings":[],"unresolvedImports":["ex"],"kind":"action::set"}
[00:05:58.170] Response has been sent.
[00:05:58.199] Got install request {"projectName":"/dev/null/inferredProject1*","fileNames":["/usr/lib/node_modules/typescript/lib/lib.es5.d.ts","/usr/lib/node_modules/typescript/lib/lib.es2015.d.ts","/usr/lib/node_modules/typescript/lib/lib.es2016.d.ts","/usr/lib/node_modules/typescript/lib/lib.dom.d.ts","/usr/lib/node_modules/typescript/lib/lib.dom.iterable.d.ts","/usr/lib/node_modules/typescript/lib/lib.webworker.importscripts.d.ts","/usr/lib/node_modules/typescript/lib/lib.scripthost.d.ts","/usr/lib/node_modules/typescript/lib/lib.es2015.core.d.ts","/usr/lib/node_modules/typescript/lib/lib.es2015.collection.d.ts","/usr/lib/node_modules/typescript/lib/lib.es2015.generator.d.ts","/usr/lib/node_modules/typescript/lib/lib.es2015.iterable.d.ts","/usr/lib/node_modules/typescript/lib/lib.es2015.promise.d.ts","/usr/lib/node_modules/typescript/lib/lib.es2015.proxy.d.ts","/usr/lib/node_modules/typescript/lib/lib.es2015.reflect.d.ts","/usr/lib/node_modules/typescript/lib/lib.es2015.symbol.d.ts","/usr/lib/node_modules/typescript/lib/lib.es2015.symbol.wellknown.d.ts","/usr/lib/node_modules/typescript/lib/lib.es2016.array.include.d.ts","/usr/lib/node_modules/typescript/lib/lib.es2016.full.d.ts","/home/master/Desktop/rofi-notes-org/notes-org.js"],"compilerOptions":{"module":1,"target":3,"jsx":1,"allowJs":true,"allowSyntheticDefaultImports":true,"allowNonTsExtensions":true,"noEmitForJsFiles":true,"maxNodeModuleJsDepth":2},"typeAcquisition":{"enable":true,"include":[],"exclude":[]},"unresolvedImports":["exe"],"projectRootPath":"/home/master/Desktop/rofi-notes-org","kind":"discover"}
[00:05:58.199] Explicitly included types: []
[00:05:58.199] Inferred typings from unresolved imports: ["exe"]
[00:05:58.199] Result: {"cachedTypingPaths":[],"newTypingNames":["exe"],"filesToWatch":["/home/master/Desktop/rofi-notes-org/bower_components","/home/master/Desktop/rofi-notes-org/node_modules"]}
[00:05:58.200] Finished typings discovery: {"cachedTypingPaths":[],"newTypingNames":["exe"],"filesToWatch":["/home/master/Desktop/rofi-notes-org/bower_components","/home/master/Desktop/rofi-notes-org/node_modules"]}
[00:05:58.200] Installing typings ["exe"]
[00:05:58.200] 'exe':: Entry for package 'exe' does not exist in local types registry - skipping...
[00:05:58.200] All typings are known to be missing or invalid - no need to install more typings
[00:05:58.200] Sending response:
    {"projectName":"/dev/null/inferredProject1*","typeAcquisition":{"enable":true,"include":[],"exclude":[]},"compilerOptions":{"module":1,"target":3,"jsx":1,"allowJs":true,"allowSyntheticDefaultImports":true,"allowNonTsExtensions":true,"noEmitForJsFiles":true,"maxNodeModuleJsDepth":2},"typings":[],"unresolvedImports":["exe"],"kind":"action::set"}
[00:05:58.200] Response has been sent.
[00:05:58.762] Got install request {"projectName":"/dev/null/inferredProject1*","fileNames":["/usr/lib/node_modules/typescript/lib/lib.es5.d.ts","/usr/lib/node_modules/typescript/lib/lib.es2015.d.ts","/usr/lib/node_modules/typescript/lib/lib.es2016.d.ts","/usr/lib/node_modules/typescript/lib/lib.dom.d.ts","/usr/lib/node_modules/typescript/lib/lib.dom.iterable.d.ts","/usr/lib/node_modules/typescript/lib/lib.webworker.importscripts.d.ts","/usr/lib/node_modules/typescript/lib/lib.scripthost.d.ts","/usr/lib/node_modules/typescript/lib/lib.es2015.core.d.ts","/usr/lib/node_modules/typescript/lib/lib.es2015.collection.d.ts","/usr/lib/node_modules/typescript/lib/lib.es2015.generator.d.ts","/usr/lib/node_modules/typescript/lib/lib.es2015.iterable.d.ts","/usr/lib/node_modules/typescript/lib/lib.es2015.promise.d.ts","/usr/lib/node_modules/typescript/lib/lib.es2015.proxy.d.ts","/usr/lib/node_modules/typescript/lib/lib.es2015.reflect.d.ts","/usr/lib/node_modules/typescript/lib/lib.es2015.symbol.d.ts","/usr/lib/node_modules/typescript/lib/lib.es2015.symbol.wellknown.d.ts","/usr/lib/node_modules/typescript/lib/lib.es2016.array.include.d.ts","/usr/lib/node_modules/typescript/lib/lib.es2016.full.d.ts","/home/master/Desktop/rofi-notes-org/notes-org.js"],"compilerOptions":{"module":1,"target":3,"jsx":1,"allowJs":true,"allowSyntheticDefaultImports":true,"allowNonTsExtensions":true,"noEmitForJsFiles":true,"maxNodeModuleJsDepth":2},"typeAcquisition":{"enable":true,"include":[],"exclude":[]},"unresolvedImports":["exec"],"projectRootPath":"/home/master/Desktop/rofi-notes-org","kind":"discover"}
[00:05:58.762] Explicitly included types: []
[00:05:58.762] Inferred typings from unresolved imports: ["exec"]
[00:05:58.763] Result: {"cachedTypingPaths":[],"newTypingNames":["exec"],"filesToWatch":["/home/master/Desktop/rofi-notes-org/bower_components","/home/master/Desktop/rofi-notes-org/node_modules"]}
[00:05:58.763] Finished typings discovery: {"cachedTypingPaths":[],"newTypingNames":["exec"],"filesToWatch":["/home/master/Desktop/rofi-notes-org/bower_components","/home/master/Desktop/rofi-notes-org/node_modules"]}
[00:05:58.763] Installing typings ["exec"]
[00:05:58.763] 'exec':: Entry for package 'exec' does not exist in local types registry - skipping...
[00:05:58.764] All typings are known to be missing or invalid - no need to install more typings
[00:05:58.764] Sending response:
    {"projectName":"/dev/null/inferredProject1*","typeAcquisition":{"enable":true,"include":[],"exclude":[]},"compilerOptions":{"module":1,"target":3,"jsx":1,"allowJs":true,"allowSyntheticDefaultImports":true,"allowNonTsExtensions":true,"noEmitForJsFiles":true,"maxNodeModuleJsDepth":2},"typings":[],"unresolvedImports":["exec"],"kind":"action::set"}
[00:05:58.764] Response has been sent.
[00:06:47.162] Got install request {"projectName":"/dev/null/inferredProject1*","fileNames":["/usr/lib/node_modules/typescript/lib/lib.es5.d.ts","/usr/lib/node_modules/typescript/lib/lib.es2015.d.ts","/usr/lib/node_modules/typescript/lib/lib.es2016.d.ts","/usr/lib/node_modules/typescript/lib/lib.dom.d.ts","/usr/lib/node_modules/typescript/lib/lib.dom.iterable.d.ts","/usr/lib/node_modules/typescript/lib/lib.webworker.importscripts.d.ts","/usr/lib/node_modules/typescript/lib/lib.scripthost.d.ts","/usr/lib/node_modules/typescript/lib/lib.es2015.core.d.ts","/usr/lib/node_modules/typescript/lib/lib.es2015.collection.d.ts","/usr/lib/node_modules/typescript/lib/lib.es2015.generator.d.ts","/usr/lib/node_modules/typescript/lib/lib.es2015.iterable.d.ts","/usr/lib/node_modules/typescript/lib/lib.es2015.promise.d.ts","/usr/lib/node_modules/typescript/lib/lib.es2015.proxy.d.ts","/usr/lib/node_modules/typescript/lib/lib.es2015.reflect.d.ts","/usr/lib/node_modules/typescript/lib/lib.es2015.symbol.d.ts","/usr/lib/node_modules/typescript/lib/lib.es2015.symbol.wellknown.d.ts","/usr/lib/node_modules/typescript/lib/lib.es2016.array.include.d.ts","/usr/lib/node_modules/typescript/lib/lib.es2016.full.d.ts","/home/master/Desktop/rofi-notes-org/notes-org.js"],"compilerOptions":{"module":1,"target":3,"jsx":1,"allowJs":true,"allowSyntheticDefaultImports":true,"allowNonTsExtensions":true,"noEmitForJsFiles":true,"maxNodeModuleJsDepth":2},"typeAcquisition":{"enable":true,"include":[],"exclude":[]},"unresolvedImports":[""],"projectRootPath":"/home/master/Desktop/rofi-notes-org","kind":"discover"}
[00:06:47.163] Explicitly included types: []
[00:06:47.163] Inferred typings from unresolved imports: [""]
[00:06:47.163] Result: {"cachedTypingPaths":[],"newTypingNames":[""],"filesToWatch":["/home/master/Desktop/rofi-notes-org/bower_components","/home/master/Desktop/rofi-notes-org/node_modules"]}
[00:06:47.164] Finished typings discovery: {"cachedTypingPaths":[],"newTypingNames":[""],"filesToWatch":["/home/master/Desktop/rofi-notes-org/bower_components","/home/master/Desktop/rofi-notes-org/node_modules"]}
[00:06:47.164] Installing typings [""]
[00:06:47.164] '':: '' is in missingTypingsSet - skipping...
[00:06:47.164] All typings are known to be missing or invalid - no need to install more typings
[00:06:47.164] Sending response:
    {"projectName":"/dev/null/inferredProject1*","typeAcquisition":{"enable":true,"include":[],"exclude":[]},"compilerOptions":{"module":1,"target":3,"jsx":1,"allowJs":true,"allowSyntheticDefaultImports":true,"allowNonTsExtensions":true,"noEmitForJsFiles":true,"maxNodeModuleJsDepth":2},"typings":[],"unresolvedImports":[""],"kind":"action::set"}
[00:06:47.164] Response has been sent.
[00:06:48.641] Got install request {"projectName":"/dev/null/inferredProject1*","fileNames":["/usr/lib/node_modules/typescript/lib/lib.es5.d.ts","/usr/lib/node_modules/typescript/lib/lib.es2015.d.ts","/usr/lib/node_modules/typescript/lib/lib.es2016.d.ts","/usr/lib/node_modules/typescript/lib/lib.dom.d.ts","/usr/lib/node_modules/typescript/lib/lib.dom.iterable.d.ts","/usr/lib/node_modules/typescript/lib/lib.webworker.importscripts.d.ts","/usr/lib/node_modules/typescript/lib/lib.scripthost.d.ts","/usr/lib/node_modules/typescript/lib/lib.es2015.core.d.ts","/usr/lib/node_modules/typescript/lib/lib.es2015.collection.d.ts","/usr/lib/node_modules/typescript/lib/lib.es2015.generator.d.ts","/usr/lib/node_modules/typescript/lib/lib.es2015.iterable.d.ts","/usr/lib/node_modules/typescript/lib/lib.es2015.promise.d.ts","/usr/lib/node_modules/typescript/lib/lib.es2015.proxy.d.ts","/usr/lib/node_modules/typescript/lib/lib.es2015.reflect.d.ts","/usr/lib/node_modules/typescript/lib/lib.es2015.symbol.d.ts","/usr/lib/node_modules/typescript/lib/lib.es2015.symbol.wellknown.d.ts","/usr/lib/node_modules/typescript/lib/lib.es2016.array.include.d.ts","/usr/lib/node_modules/typescript/lib/lib.es2016.full.d.ts","/home/master/Desktop/rofi-notes-org/notes-org.js"],"compilerOptions":{"module":1,"target":3,"jsx":1,"allowJs":true,"allowSyntheticDefaultImports":true,"allowNonTsExtensions":true,"noEmitForJsFiles":true,"maxNodeModuleJsDepth":2},"typeAcquisition":{"enable":true,"include":[],"exclude":[]},"unresolvedImports":["chi"],"projectRootPath":"/home/master/Desktop/rofi-notes-org","kind":"discover"}
[00:06:48.641] Explicitly included types: []
[00:06:48.642] Inferred typings from unresolved imports: ["chi"]
[00:06:48.642] Result: {"cachedTypingPaths":[],"newTypingNames":["chi"],"filesToWatch":["/home/master/Desktop/rofi-notes-org/bower_components","/home/master/Desktop/rofi-notes-org/node_modules"]}
[00:06:48.642] Finished typings discovery: {"cachedTypingPaths":[],"newTypingNames":["chi"],"filesToWatch":["/home/master/Desktop/rofi-notes-org/bower_components","/home/master/Desktop/rofi-notes-org/node_modules"]}
[00:06:48.642] Installing typings ["chi"]
[00:06:48.642] 'chi':: Entry for package 'chi' does not exist in local types registry - skipping...
[00:06:48.642] All typings are known to be missing or invalid - no need to install more typings
[00:06:48.643] Sending response:
    {"projectName":"/dev/null/inferredProject1*","typeAcquisition":{"enable":true,"include":[],"exclude":[]},"compilerOptions":{"module":1,"target":3,"jsx":1,"allowJs":true,"allowSyntheticDefaultImports":true,"allowNonTsExtensions":true,"noEmitForJsFiles":true,"maxNodeModuleJsDepth":2},"typings":[],"unresolvedImports":["chi"],"kind":"action::set"}
[00:06:48.643] Response has been sent.
[00:06:49.008] Got install request {"projectName":"/dev/null/inferredProject1*","fileNames":["/usr/lib/node_modules/typescript/lib/lib.es5.d.ts","/usr/lib/node_modules/typescript/lib/lib.es2015.d.ts","/usr/lib/node_modules/typescript/lib/lib.es2016.d.ts","/usr/lib/node_modules/typescript/lib/lib.dom.d.ts","/usr/lib/node_modules/typescript/lib/lib.dom.iterable.d.ts","/usr/lib/node_modules/typescript/lib/lib.webworker.importscripts.d.ts","/usr/lib/node_modules/typescript/lib/lib.scripthost.d.ts","/usr/lib/node_modules/typescript/lib/lib.es2015.core.d.ts","/usr/lib/node_modules/typescript/lib/lib.es2015.collection.d.ts","/usr/lib/node_modules/typescript/lib/lib.es2015.generator.d.ts","/usr/lib/node_modules/typescript/lib/lib.es2015.iterable.d.ts","/usr/lib/node_modules/typescript/lib/lib.es2015.promise.d.ts","/usr/lib/node_modules/typescript/lib/lib.es2015.proxy.d.ts","/usr/lib/node_modules/typescript/lib/lib.es2015.reflect.d.ts","/usr/lib/node_modules/typescript/lib/lib.es2015.symbol.d.ts","/usr/lib/node_modules/typescript/lib/lib.es2015.symbol.wellknown.d.ts","/usr/lib/node_modules/typescript/lib/lib.es2016.array.include.d.ts","/usr/lib/node_modules/typescript/lib/lib.es2016.full.d.ts","/home/master/Desktop/rofi-notes-org/notes-org.js"],"compilerOptions":{"module":1,"target":3,"jsx":1,"allowJs":true,"allowSyntheticDefaultImports":true,"allowNonTsExtensions":true,"noEmitForJsFiles":true,"maxNodeModuleJsDepth":2},"typeAcquisition":{"enable":true,"include":[],"exclude":[]},"unresolvedImports":["child"],"projectRootPath":"/home/master/Desktop/rofi-notes-org","kind":"discover"}
[00:06:49.008] Explicitly included types: []
[00:06:49.008] Inferred typings from unresolved imports: ["child"]
[00:06:49.008] Result: {"cachedTypingPaths":[],"newTypingNames":["child"],"filesToWatch":["/home/master/Desktop/rofi-notes-org/bower_components","/home/master/Desktop/rofi-notes-org/node_modules"]}
[00:06:49.008] Finished typings discovery: {"cachedTypingPaths":[],"newTypingNames":["child"],"filesToWatch":["/home/master/Desktop/rofi-notes-org/bower_components","/home/master/Desktop/rofi-notes-org/node_modules"]}
[00:06:49.008] Installing typings ["child"]
[00:06:49.008] 'child':: Entry for package 'child' does not exist in local types registry - skipping...
[00:06:49.008] All typings are known to be missing or invalid - no need to install more typings
[00:06:49.008] Sending response:
    {"projectName":"/dev/null/inferredProject1*","typeAcquisition":{"enable":true,"include":[],"exclude":[]},"compilerOptions":{"module":1,"target":3,"jsx":1,"allowJs":true,"allowSyntheticDefaultImports":true,"allowNonTsExtensions":true,"noEmitForJsFiles":true,"maxNodeModuleJsDepth":2},"typings":[],"unresolvedImports":["child"],"kind":"action::set"}
[00:06:49.008] Response has been sent.
[00:06:49.352] Got install request {"projectName":"/dev/null/inferredProject1*","fileNames":["/usr/lib/node_modules/typescript/lib/lib.es5.d.ts","/usr/lib/node_modules/typescript/lib/lib.es2015.d.ts","/usr/lib/node_modules/typescript/lib/lib.es2016.d.ts","/usr/lib/node_modules/typescript/lib/lib.dom.d.ts","/usr/lib/node_modules/typescript/lib/lib.dom.iterable.d.ts","/usr/lib/node_modules/typescript/lib/lib.webworker.importscripts.d.ts","/usr/lib/node_modules/typescript/lib/lib.scripthost.d.ts","/usr/lib/node_modules/typescript/lib/lib.es2015.core.d.ts","/usr/lib/node_modules/typescript/lib/lib.es2015.collection.d.ts","/usr/lib/node_modules/typescript/lib/lib.es2015.generator.d.ts","/usr/lib/node_modules/typescript/lib/lib.es2015.iterable.d.ts","/usr/lib/node_modules/typescript/lib/lib.es2015.promise.d.ts","/usr/lib/node_modules/typescript/lib/lib.es2015.proxy.d.ts","/usr/lib/node_modules/typescript/lib/lib.es2015.reflect.d.ts","/usr/lib/node_modules/typescript/lib/lib.es2015.symbol.d.ts","/usr/lib/node_modules/typescript/lib/lib.es2015.symbol.wellknown.d.ts","/usr/lib/node_modules/typescript/lib/lib.es2016.array.include.d.ts","/usr/lib/node_modules/typescript/lib/lib.es2016.full.d.ts","/home/master/Desktop/rofi-notes-org/notes-org.js"],"compilerOptions":{"module":1,"target":3,"jsx":1,"allowJs":true,"allowSyntheticDefaultImports":true,"allowNonTsExtensions":true,"noEmitForJsFiles":true,"maxNodeModuleJsDepth":2},"typeAcquisition":{"enable":true,"include":[],"exclude":[]},"unresolvedImports":["child_"],"projectRootPath":"/home/master/Desktop/rofi-notes-org","kind":"discover"}
[00:06:49.353] Explicitly included types: []
[00:06:49.353] Inferred typings from unresolved imports: ["child_"]
[00:06:49.353] Result: {"cachedTypingPaths":[],"newTypingNames":["child_"],"filesToWatch":["/home/master/Desktop/rofi-notes-org/bower_components","/home/master/Desktop/rofi-notes-org/node_modules"]}
[00:06:49.353] Finished typings discovery: {"cachedTypingPaths":[],"newTypingNames":["child_"],"filesToWatch":["/home/master/Desktop/rofi-notes-org/bower_components","/home/master/Desktop/rofi-notes-org/node_modules"]}
[00:06:49.354] Installing typings ["child_"]
[00:06:49.354] 'child_':: Entry for package 'child_' does not exist in local types registry - skipping...
[00:06:49.354] All typings are known to be missing or invalid - no need to install more typings
[00:06:49.354] Sending response:
    {"projectName":"/dev/null/inferredProject1*","typeAcquisition":{"enable":true,"include":[],"exclude":[]},"compilerOptions":{"module":1,"target":3,"jsx":1,"allowJs":true,"allowSyntheticDefaultImports":true,"allowNonTsExtensions":true,"noEmitForJsFiles":true,"maxNodeModuleJsDepth":2},"typings":[],"unresolvedImports":["child_"],"kind":"action::set"}
[00:06:49.354] Response has been sent.
[00:06:49.875] Got install request {"projectName":"/dev/null/inferredProject1*","fileNames":["/usr/lib/node_modules/typescript/lib/lib.es5.d.ts","/usr/lib/node_modules/typescript/lib/lib.es2015.d.ts","/usr/lib/node_modules/typescript/lib/lib.es2016.d.ts","/usr/lib/node_modules/typescript/lib/lib.dom.d.ts","/usr/lib/node_modules/typescript/lib/lib.dom.iterable.d.ts","/usr/lib/node_modules/typescript/lib/lib.webworker.importscripts.d.ts","/usr/lib/node_modules/typescript/lib/lib.scripthost.d.ts","/usr/lib/node_modules/typescript/lib/lib.es2015.core.d.ts","/usr/lib/node_modules/typescript/lib/lib.es2015.collection.d.ts","/usr/lib/node_modules/typescript/lib/lib.es2015.generator.d.ts","/usr/lib/node_modules/typescript/lib/lib.es2015.iterable.d.ts","/usr/lib/node_modules/typescript/lib/lib.es2015.promise.d.ts","/usr/lib/node_modules/typescript/lib/lib.es2015.proxy.d.ts","/usr/lib/node_modules/typescript/lib/lib.es2015.reflect.d.ts","/usr/lib/node_modules/typescript/lib/lib.es2015.symbol.d.ts","/usr/lib/node_modules/typescript/lib/lib.es2015.symbol.wellknown.d.ts","/usr/lib/node_modules/typescript/lib/lib.es2016.array.include.d.ts","/usr/lib/node_modules/typescript/lib/lib.es2016.full.d.ts","/home/master/Desktop/rofi-notes-org/notes-org.js"],"compilerOptions":{"module":1,"target":3,"jsx":1,"allowJs":true,"allowSyntheticDefaultImports":true,"allowNonTsExtensions":true,"noEmitForJsFiles":true,"maxNodeModuleJsDepth":2},"typeAcquisition":{"enable":true,"include":[],"exclude":[]},"unresolvedImports":["child_pro"],"projectRootPath":"/home/master/Desktop/rofi-notes-org","kind":"discover"}
[00:06:49.875] Explicitly included types: []
[00:06:49.875] Inferred typings from unresolved imports: ["child_pro"]
[00:06:49.875] Result: {"cachedTypingPaths":[],"newTypingNames":["child_pro"],"filesToWatch":["/home/master/Desktop/rofi-notes-org/bower_components","/home/master/Desktop/rofi-notes-org/node_modules"]}
[00:06:49.875] Finished typings discovery: {"cachedTypingPaths":[],"newTypingNames":["child_pro"],"filesToWatch":["/home/master/Desktop/rofi-notes-org/bower_components","/home/master/Desktop/rofi-notes-org/node_modules"]}
[00:06:49.876] Installing typings ["child_pro"]
[00:06:49.876] 'child_pro':: Entry for package 'child_pro' does not exist in local types registry - skipping...
[00:06:49.876] All typings are known to be missing or invalid - no need to install more typings
[00:06:49.876] Sending response:
    {"projectName":"/dev/null/inferredProject1*","typeAcquisition":{"enable":true,"include":[],"exclude":[]},"compilerOptions":{"module":1,"target":3,"jsx":1,"allowJs":true,"allowSyntheticDefaultImports":true,"allowNonTsExtensions":true,"noEmitForJsFiles":true,"maxNodeModuleJsDepth":2},"typings":[],"unresolvedImports":["child_pro"],"kind":"action::set"}
[00:06:49.876] Response has been sent.
[00:06:50.262] Got install request {"projectName":"/dev/null/inferredProject1*","fileNames":["/usr/lib/node_modules/typescript/lib/lib.es5.d.ts","/usr/lib/node_modules/typescript/lib/lib.es2015.d.ts","/usr/lib/node_modules/typescript/lib/lib.es2016.d.ts","/usr/lib/node_modules/typescript/lib/lib.dom.d.ts","/usr/lib/node_modules/typescript/lib/lib.dom.iterable.d.ts","/usr/lib/node_modules/typescript/lib/lib.webworker.importscripts.d.ts","/usr/lib/node_modules/typescript/lib/lib.scripthost.d.ts","/usr/lib/node_modules/typescript/lib/lib.es2015.core.d.ts","/usr/lib/node_modules/typescript/lib/lib.es2015.collection.d.ts","/usr/lib/node_modules/typescript/lib/lib.es2015.generator.d.ts","/usr/lib/node_modules/typescript/lib/lib.es2015.iterable.d.ts","/usr/lib/node_modules/typescript/lib/lib.es2015.promise.d.ts","/usr/lib/node_modules/typescript/lib/lib.es2015.proxy.d.ts","/usr/lib/node_modules/typescript/lib/lib.es2015.reflect.d.ts","/usr/lib/node_modules/typescript/lib/lib.es2015.symbol.d.ts","/usr/lib/node_modules/typescript/lib/lib.es2015.symbol.wellknown.d.ts","/usr/lib/node_modules/typescript/lib/lib.es2016.array.include.d.ts","/usr/lib/node_modules/typescript/lib/lib.es2016.full.d.ts","/home/master/Desktop/rofi-notes-org/notes-org.js"],"compilerOptions":{"module":1,"target":3,"jsx":1,"allowJs":true,"allowSyntheticDefaultImports":true,"allowNonTsExtensions":true,"noEmitForJsFiles":true,"maxNodeModuleJsDepth":2},"typeAcquisition":{"enable":true,"include":[],"exclude":[]},"unresolvedImports":["child_proe"],"projectRootPath":"/home/master/Desktop/rofi-notes-org","kind":"discover"}
[00:06:50.262] Explicitly included types: []
[00:06:50.262] Inferred typings from unresolved imports: ["child_proe"]
[00:06:50.262] Result: {"cachedTypingPaths":[],"newTypingNames":["child_proe"],"filesToWatch":["/home/master/Desktop/rofi-notes-org/bower_components","/home/master/Desktop/rofi-notes-org/node_modules"]}
[00:06:50.262] Finished typings discovery: {"cachedTypingPaths":[],"newTypingNames":["child_proe"],"filesToWatch":["/home/master/Desktop/rofi-notes-org/bower_components","/home/master/Desktop/rofi-notes-org/node_modules"]}
[00:06:50.263] Installing typings ["child_proe"]
[00:06:50.263] 'child_proe':: Entry for package 'child_proe' does not exist in local types registry - skipping...
[00:06:50.263] All typings are known to be missing or invalid - no need to install more typings
[00:06:50.263] Sending response:
    {"projectName":"/dev/null/inferredProject1*","typeAcquisition":{"enable":true,"include":[],"exclude":[]},"compilerOptions":{"module":1,"target":3,"jsx":1,"allowJs":true,"allowSyntheticDefaultImports":true,"allowNonTsExtensions":true,"noEmitForJsFiles":true,"maxNodeModuleJsDepth":2},"typings":[],"unresolvedImports":["child_proe"],"kind":"action::set"}
[00:06:50.263] Response has been sent.
[00:06:50.282] Got install request {"projectName":"/dev/null/inferredProject1*","fileNames":["/usr/lib/node_modules/typescript/lib/lib.es5.d.ts","/usr/lib/node_modules/typescript/lib/lib.es2015.d.ts","/usr/lib/node_modules/typescript/lib/lib.es2016.d.ts","/usr/lib/node_modules/typescript/lib/lib.dom.d.ts","/usr/lib/node_modules/typescript/lib/lib.dom.iterable.d.ts","/usr/lib/node_modules/typescript/lib/lib.webworker.importscripts.d.ts","/usr/lib/node_modules/typescript/lib/lib.scripthost.d.ts","/usr/lib/node_modules/typescript/lib/lib.es2015.core.d.ts","/usr/lib/node_modules/typescript/lib/lib.es2015.collection.d.ts","/usr/lib/node_modules/typescript/lib/lib.es2015.generator.d.ts","/usr/lib/node_modules/typescript/lib/lib.es2015.iterable.d.ts","/usr/lib/node_modules/typescript/lib/lib.es2015.promise.d.ts","/usr/lib/node_modules/typescript/lib/lib.es2015.proxy.d.ts","/usr/lib/node_modules/typescript/lib/lib.es2015.reflect.d.ts","/usr/lib/node_modules/typescript/lib/lib.es2015.symbol.d.ts","/usr/lib/node_modules/typescript/lib/lib.es2015.symbol.wellknown.d.ts","/usr/lib/node_modules/typescript/lib/lib.es2016.array.include.d.ts","/usr/lib/node_modules/typescript/lib/lib.es2016.full.d.ts","/home/master/Desktop/rofi-notes-org/notes-org.js"],"compilerOptions":{"module":1,"target":3,"jsx":1,"allowJs":true,"allowSyntheticDefaultImports":true,"allowNonTsExtensions":true,"noEmitForJsFiles":true,"maxNodeModuleJsDepth":2},"typeAcquisition":{"enable":true,"include":[],"exclude":[]},"unresolvedImports":["child_pro"],"projectRootPath":"/home/master/Desktop/rofi-notes-org","kind":"discover"}
[00:06:50.283] Explicitly included types: []
[00:06:50.283] Inferred typings from unresolved imports: ["child_pro"]
[00:06:50.283] Result: {"cachedTypingPaths":[],"newTypingNames":["child_pro"],"filesToWatch":["/home/master/Desktop/rofi-notes-org/bower_components","/home/master/Desktop/rofi-notes-org/node_modules"]}
[00:06:50.283] Finished typings discovery: {"cachedTypingPaths":[],"newTypingNames":["child_pro"],"filesToWatch":["/home/master/Desktop/rofi-notes-org/bower_components","/home/master/Desktop/rofi-notes-org/node_modules"]}
[00:06:50.283] Installing typings ["child_pro"]
[00:06:50.284] 'child_pro':: Entry for package 'child_pro' does not exist in local types registry - skipping...
[00:06:50.284] All typings are known to be missing or invalid - no need to install more typings
[00:06:50.284] Sending response:
    {"projectName":"/dev/null/inferredProject1*","typeAcquisition":{"enable":true,"include":[],"exclude":[]},"compilerOptions":{"module":1,"target":3,"jsx":1,"allowJs":true,"allowSyntheticDefaultImports":true,"allowNonTsExtensions":true,"noEmitForJsFiles":true,"maxNodeModuleJsDepth":2},"typings":[],"unresolvedImports":["child_pro"],"kind":"action::set"}
[00:06:50.284] Response has been sent.
[00:06:51.263] Got install request {"projectName":"/dev/null/inferredProject1*","fileNames":["/usr/lib/node_modules/typescript/lib/lib.es5.d.ts","/usr/lib/node_modules/typescript/lib/lib.es2015.d.ts","/usr/lib/node_modules/typescript/lib/lib.es2016.d.ts","/usr/lib/node_modules/typescript/lib/lib.dom.d.ts","/usr/lib/node_modules/typescript/lib/lib.dom.iterable.d.ts","/usr/lib/node_modules/typescript/lib/lib.webworker.importscripts.d.ts","/usr/lib/node_modules/typescript/lib/lib.scripthost.d.ts","/usr/lib/node_modules/typescript/lib/lib.es2015.core.d.ts","/usr/lib/node_modules/typescript/lib/lib.es2015.collection.d.ts","/usr/lib/node_modules/typescript/lib/lib.es2015.generator.d.ts","/usr/lib/node_modules/typescript/lib/lib.es2015.iterable.d.ts","/usr/lib/node_modules/typescript/lib/lib.es2015.promise.d.ts","/usr/lib/node_modules/typescript/lib/lib.es2015.proxy.d.ts","/usr/lib/node_modules/typescript/lib/lib.es2015.reflect.d.ts","/usr/lib/node_modules/typescript/lib/lib.es2015.symbol.d.ts","/usr/lib/node_modules/typescript/lib/lib.es2015.symbol.wellknown.d.ts","/usr/lib/node_modules/typescript/lib/lib.es2016.array.include.d.ts","/usr/lib/node_modules/typescript/lib/lib.es2016.full.d.ts","/home/master/Desktop/rofi-notes-org/notes-org.js"],"compilerOptions":{"module":1,"target":3,"jsx":1,"allowJs":true,"allowSyntheticDefaultImports":true,"allowNonTsExtensions":true,"noEmitForJsFiles":true,"maxNodeModuleJsDepth":2},"typeAcquisition":{"enable":true,"include":[],"exclude":[]},"unresolvedImports":[],"projectRootPath":"/home/master/Desktop/rofi-notes-org","kind":"discover"}
[00:06:51.263] Explicitly included types: []
[00:06:51.263] Inferred typings from unresolved imports: []
[00:06:51.264] Result: {"cachedTypingPaths":[],"newTypingNames":[],"filesToWatch":["/home/master/Desktop/rofi-notes-org/bower_components","/home/master/Desktop/rofi-notes-org/node_modules"]}
[00:06:51.264] Finished typings discovery: {"cachedTypingPaths":[],"newTypingNames":[],"filesToWatch":["/home/master/Desktop/rofi-notes-org/bower_components","/home/master/Desktop/rofi-notes-org/node_modules"]}
[00:06:51.264] Sending response:
    {"projectName":"/dev/null/inferredProject1*","typeAcquisition":{"enable":true,"include":[],"exclude":[]},"compilerOptions":{"module":1,"target":3,"jsx":1,"allowJs":true,"allowSyntheticDefaultImports":true,"allowNonTsExtensions":true,"noEmitForJsFiles":true,"maxNodeModuleJsDepth":2},"typings":[],"unresolvedImports":[],"kind":"action::set"}
[00:06:51.264] Response has been sent.
[00:06:51.264] No new typings were requested as a result of typings discovery
